Started by GitHub push by hootpy
Obtained Jenkinsfile from git https://github.com/hootpy/password-validator
[8mha:////4AncRIr7Ur+FWh6Y9q4faHco5Z7ST5TA0DUwxuyhaCaSAAAAoh+LCAAAAAAAAP9tjTEOwjAQBM8BClpKHuFItIiK1krDC0x8GCfWnbEdkooX8TX+gCESFVvtrLSa5wtWKcKBo5UdUu8otU4GP9jS5Mixv3geZcdn2TIl9igbHBs2eJyx4YwwR1SwULBGaj0nRzbDRnX6rmuvydanHMu2V1A5c4MHCFXMWcf8hSnC9jqYxPTz/BXAFEIGsfuclm8zQVqFvQAAAA==[0m[Pipeline] Start of Pipeline
[8mha:////4Av27MlxWlDbJOAwhHYRwQ3EPKi2Y8Fc/0Fha/wqbw/HAAAApR+LCAAAAAAAAP9tjTEOwjAUQ3+KOrAycohUghExsUZZOEFIQkgb/d8mKe3EibgadyBQiQlLlmxL1nu+oE4RjhQdby12HpP2vA+jK4lPFLtroIm3dOGaMFGwXNpJkrGnpUrKFhaxClYC1hZ1oOTRZdiIVt1VExS65pxj2Q4CKm8GeAAThZxVzN8yR9jeRpMIf5y/AJj7DGxXvP/86jduZBmjwAAAAA==[0m[Pipeline] node
Running on [8mha:////4MMM+zK5Z6vOCSJM7LuQ2jyqodEw2hwaFD6AW18W8mdGAAAAoR+LCAAAAAAAAP9b85aBtbiIQTGjNKU4P08vOT+vOD8nVc83PyU1x6OyILUoJzMv2y+/JJUBAhiZGBgqihhk0NSjKDWzXb3RdlLBUSYGJk8GtpzUvPSSDB8G5tKinBIGIZ+sxLJE/ZzEvHT94JKizLx0a6BxUmjGOUNodHsLgAz2EgZR/eT83ILSktQifY2k0sycEt3MPE19AHHxbH3KAAAA[0mJenkins in /var/jenkins_home/workspace/DOT503
[8mha:////4H+RpP1XVBQaVwBL+V6QwfJhIfm+Sky4vCFVZXLivI5VAAAApR+LCAAAAAAAAP9tjTEOwjAUQ3+KOrAycoh0gA0xsUZZOEFIQkgb/d8mKe3EibgadyBQiQlLlmxL1nu+oE4RjhQdby12HpP2vA+jK4lPFLtroIm3dOGaMFGwXNpJkrGnpUrKFhaxClYC1hZ1oOTRZdiIVt1VExS65pxj2Q4CKm8GeAAThZxVzN8yR9jeRpMIf5y/AJj7DGxXvP/86jfoP95RwAAAAA==[0m[Pipeline] {
[8mha:////4GrK91RmOoEi1s3/bm6ZDxsylniguUcZli/F6G7IHYZ4AAAApR+LCAAAAAAAAP9tjTEOwjAUQ3+KOrAycoh0gQkxsUZZOEFIQkgb/d8mKe3EibgadyBQiQlLlmxL1nu+oE4RjhQdby12HpP2vA+jK4lPFLtroIm3dOGaMFGwXNpJkrGnpUrKFhaxClYC1hZ1oOTRZdiIVt1VExS65pxj2Q4CKm8GeAAThZxVzN8yR9jeRpMIf5y/AJj7DGxXvP/86jc09154wAAAAA==[0m[Pipeline] stage
[8mha:////4BPHHFwnesJiPIHWFj/HjIgPc/bfvJjZRs/CG9hAkf10AAAApR+LCAAAAAAAAP9tjTEOwjAUQ3+KOrAycoh0ggUxsUZZOEFIQkgb/d8mKe3EibgadyBQiQlLlmxL1nu+oE4RjhQdby12HpP2vA+jK4lPFLtroIm3dOGaMFGwXNpJkrGnpUrKFhaxClYC1hZ1oOTRZdiIVt1VExS65pxj2Q4CKm8GeAAThZxVzN8yR9jeRpMIf5y/AJj7DGxXvP/86jek7ggRwAAAAA==[0m[Pipeline] { (Declarative: Checkout SCM)
[8mha:////4NhEh/ptDhv1PR81Sb3vxTPT5ZxliBo9w6S8xMeUUkl/AAAAoh+LCAAAAAAAAP9tjTEOAiEURD9rLGwtPQTbaWGsbAmNJ0AWEZb8zwLrbuWJvJp3kLiJlZNMMm+a93rDOic4UbLcG+wdZu14DKOti0+U+lugiXu6ck2YKRguzSSpM+cFJRUDS1gDKwEbgzpQdmgLbIVXD9UGhba9lFS/o4DGdQM8gYlqLiqVL8wJdvexy4Q/z18BzLEA29ce4gfg7KmOvAAAAA==[0m[Pipeline] checkout
Selected Git installation does not exist. Using Default
The recommended git tool is: NONE
No credentials specified
 > git rev-parse --resolve-git-dir /var/jenkins_home/workspace/DOT503/.git # timeout=10
Fetching changes from the remote Git repository
 > git config remote.origin.url https://github.com/hootpy/password-validator # timeout=10
Fetching upstream changes from https://github.com/hootpy/password-validator
 > git --version # timeout=10
 > git --version # 'git version 2.39.2'
 > git fetch --tags --force --progress -- https://github.com/hootpy/password-validator +refs/heads/*:refs/remotes/origin/* # timeout=10
 > git rev-parse refs/remotes/origin/main^{commit} # timeout=10
Checking out Revision be38dc9b6d5a1daf85573797cbbae786f43cfcf5 (refs/remotes/origin/main)
 > git config core.sparsecheckout # timeout=10
 > git checkout -f be38dc9b6d5a1daf85573797cbbae786f43cfcf5 # timeout=10
Commit message: "feat: add jenkins file"
 > git rev-list --no-walk 1b8ea346e14d1ecc42f71c779dc279f586218cf8 # timeout=10
[8mha:////4F3V5M32qdu3mlTPJfpLyi9VdosZOD8FwUMss1tBTRGqAAAAoh+LCAAAAAAAAP9tjTEOAiEURD9rLGwtPQTbGRNjZUtoPAGyiLDkfxZYdytP5NW8g8RNrJxkknnTvNcb1jnBiZLl3mDvMGvHYxhtXXyi1N8CTdzTlWvCTMFwaSZJnTkvKKkYWMIaWAnYGNSBskNbYCu8eqg2KLTtpaT6HQU0rhvgCUxUc1GpfGFOsLuPXSb8ef4KYI6xADvU7j9Dg2gqvAAAAA==[0m[Pipeline] }
[8mha:////4H/wpJfB3pqPsSA3Vvtj4hvWcGmueusW1XZNbECG5Hs/AAAAoh+LCAAAAAAAAP9tjTEOAiEURD9rLGwtPQRbWRhjZUtoPAGyiLDkfxZYdytP5NW8g8RNrJxkknnTvNcb1jnBiZLl3mDvMGvHYxhtXXyi1N8CTdzTlWvCTMFwaSZJnTkvKKkYWMIaWAnYGNSBskNbYCu8eqg2KLTtpaT6HQU0rhvgCUxUc1GpfGFOsLuPXSb8ef4KYI6xADvU7j9J+wGOvAAAAA==[0m[Pipeline] // stage
[8mha:////4KXh+o3k5pgSUZ69tsBkxhuYnAkqhG25BrPSkMuaagsVAAAAph+LCAAAAAAAAP9tjTEOwjAQBM9BKWgpeYQDEh2iorXc8AITG+PEugv2haTiRXyNPxCIRMVWOyut5vmCMic4UPKycdgGzHWQXez91ORAqb1EGmRDZ1kTZopOajdosu44oyZ2MEcUsFCwdFhHygE9w0o15m6qaNBXJ07TtldQBHuDBwg1mdkk/sKYYH3tbSb8ef4KYOwYxI6h2G4+x/INtuQqUcEAAAA=[0m[Pipeline] withEnv
[8mha:////4IjfX5Ztz2ztPvZeUXjrDEDXcfLsV7GT5uqBj2KhLeIGAAAApR+LCAAAAAAAAP9tjTEOwjAUQ3+DOrAycoiUzoiJNerCCUITQtLo/zZJSSdOxNW4Ay2VmPBg2Zas93pDGQOcKBjuNHYWY2t570czJ54pdDdPmTu68pYwkte80bkhpc9rbShpWFUw2AjYamw9RYsmwU44+ZCVl2iqSwrzdhTArBrgCYWYyUmG9C1TgP19VJHwx/kLgKlPwOrDYvXyLD8BobDcwgAAAA==[0m[Pipeline] {
[8mha:////4DV2lU4nRTGONlbqHB3Rj1Xa1kf10I9e+YAg7932n+f1AAAAph+LCAAAAAAAAP9tjTEOwjAUQ3+LOrAycohUZUVMrFEWThCaEJJG/7dJSjpxIq7GHWipxIQHy7ZkvdcbqhjgRMEwp7GzGFvLej+aObFMobt5yszRlbWEkbxmQmdBSp/XKihpWFWUsOGw1dh6ihZNgh138iFrL9HUlxTm7cihtGqAJxR8JicZ0rdMAfb3UUXCH+cvAKY+Qdk0ix2WZ/UBbwyqm8IAAAA=[0m[Pipeline] stage
[8mha:////4Kj64XEad4Q8Z5ssYblAiibJV+hy9bsHY2iJAOF8BbDuAAAAph+LCAAAAAAAAP9tjTEOwjAUQ3+LOrAycohUwIiYukZZOEFoQkgb/V9+UtqJE3E17kBLJSY8WLYl673eUESGE7ETjcXWY6y96ELvpiQG4vYaaBANXURNGClYoeygyNhqqYqShUVZDisJa4t1oOjRJdjIRj90GTS68px42o4Scm/u8IRMTuSkOX3LyLC99SYS/jh/ATB2CfLdfrbD/Cw+y7kUycIAAAA=[0m[Pipeline] { (Build pre-requisites)
[8mha:////4Go8p2kZd27KSsf7Mo1uZVusiLJRB7XYOYgu2Zx3lJr3AAAApB+LCAAAAAAAAP9tjTEOwjAQBC9BFLSUPOIiBB2iSmu54QUmNsaJdWdsh6TiRXyNPxCIRMUWq51t5vmCZYpw5GixNdQ5So3D4Hs7LRw4dhfPA7Z8xoYpsTcozSBZm3pGydnAnKKEhYCVocZzcmQzrEWr7qryimx1ynH6DgJKp2/wgEJM5qxi/sIYYXPtdWL6ef4KYAwZyu3uU/vwBgq0rvS+AAAA[0m[Pipeline] echo
Installing dependencies
[8mha:////4PJR664ERjZ8JvR5xfJTNTjQf5wMA+bDyQinxNjctKUUAAAApB+LCAAAAAAAAP9tjTEOwjAQBC9BFLSUPOIihKgQVVrLDS8wsTFOrDtjOyQVL+Jr/IFAJCq2WO1sM88XLFOEI0eLraHOUWocBt/baeHAsbt4HrDlMzZMib1BaQbJ2tQzSs4G5hQlLASsDDWekyObYS1adVeVV2SrU47TdxBQOn2DBxRiMmcV8xfGCJtrrxPTz/NXAGPIUG53n9qHN0uFte2+AAAA[0m[Pipeline] sh
+ poetry install
Installing dependencies from lock file

No dependencies to install or update

Installing the current project: password-validator (0.1.0)
[8mha:////4Dv89eGV8jnxJaYlE4nQCjlTwzm/+NSrKVUbpwpfAH0XAAAApR+LCAAAAAAAAP9tjTEOwjAQBC9BFLSUPOIihESDqNJabniBiY1xYt0Z2yGpeBFf4w8EIlGxxWpnm3m+YJkiHDlabA11jlLjMPjeTgsHjt3F84Atn7FhSuwNSjNI1qaeUXI2MKcoYSFgZajxnBzZDGvRqruqvCJbnXKcvoOA0ukbPKAQkzmrmL8wRthce52Yfp6/AhhDyFBu95/avQEeFbpZvgAAAA==[0m[Pipeline] }
[8mha:////4PAj2GcGF0MnOM1LmptjxfLyF8KvdyOhk2VFLPxDDbO4AAAApB+LCAAAAAAAAP9tjTEOwjAQBC9BFLSUPOIiaCgQVVrLDS8wsTFOrDtjOyQVL+Jr/IFAJCq2WO1sM88XLFOEI0eLraHOUWocBt/baeHAsbt4HrDlMzZMib1BaQbJ2tQzSs4G5hQlLASsDDWekyObYS1adVeVV2SrU47TdxBQOn2DBxRiMmcV8xfGCJtrrxPTz/NXAGMIGcrt/lO7Ny324eW+AAAA[0m[Pipeline] // stage
[8mha:////4Ipg9hMol1BM7sMxtdjOjEird8PNHNV5JMxPpCkJjoZ7AAAApx+LCAAAAAAAAP9tjTEOwjAUQ3+LOrAycohU3ZAQE2uUhROEJoSk0f9tkpJOnIircQdaKjHhwbItWe/1hioGOFEwzGnsLMbWst6PZk4sU+hunjJzdGUtYSSvmdBZkNLntQpKGlYVJWw4bDW2nqJFk2DHnXzI2ks09SWFeTtyKK0a4AkFn8lJhvQtU4D9fVSR8Mf5C4CpT1A2zWKH5Vl9AAkvMTrCAAAA[0m[Pipeline] stage
[8mha:////4HmUWBDvX4rf/0t+vREt0ICVONncVN9qBObZ8CnRsf6YAAAApx+LCAAAAAAAAP9tjTEOwjAUQ3+LOrAycohUbCDE1DXKwglCE0La6P/yk9JOnIircQdaKjHhwbItWe/1hiIynIidaCy2HmPtRRd6NyUxELfXQINo6CJqwkjBCmUHRcZWS1WULCzKclhJWFusA0WPLsFGNvqhy6DRlefE03aUkHtzhydkciInzelbRobtrTeR8Mf5C4CxS5Dv9rMd5mfxASnCIIrCAAAA[0m[Pipeline] { (Test)
[8mha:////4IPbd0AYT6X9aL/2PVbgaiBZNHpT7/W44jTHwWhBuGY5AAAApB+LCAAAAAAAAP9tjTEOwjAQBC9BFLSUPOICdAilorXc8AKTGOPEugu2g1PxIr7GH7CIRMUWq51t5vWGZfBQszfYaeothcbi4EaTFyb2/dVxwo4v2DAFdhqlTpJbfZpRctQwpyhhIWClqXEcLJkIa9Gph6qcIlOdo8/fUUBp2zs8oRDZHJWPX5g8bG5jG5h+nr8CmIYI5e6Qa78dPhmQ9Da+AAAA[0m[Pipeline] echo
Running tests
[8mha:////4HnG3QSeJBCR03va5k77Cvmr+PzRLJ+DqbFitHQ64AtUAAAApB+LCAAAAAAAAP9tjTEOwjAQBC9BFLSUPOKi0CFEldZKwwtMbIwT687YDknFi/gaf8AiEhVbrHa2mdcb1jHAiYPBXtNgKXYWvRtNXjhxGK6OJ+z5gh1TZKex1VPLSjcLtpw0LClKWAnYaOocR0smwVb08iErJ8lU5xTydxRQWnWHJxQim5MM6QtzgN1tVJHp5/krgNknKOtDrn3tP1ih7y++AAAA[0m[Pipeline] sh
+ poetry run pytest --tb=no -v
============================= test session starts ==============================
platform linux -- Python 3.11.2, pytest-8.3.2, pluggy-1.5.0 -- /var/jenkins_home/workspace/DOT503/.venv/bin/python
cachedir: .pytest_cache
rootdir: /var/jenkins_home/workspace/DOT503
configfile: pyproject.toml
collecting ... collected 5 items

tests/test_main.py::test_validate_password_have_less_than_8_characters PASSED [ 20%]
tests/test_main.py::test_validate_password_have_no_uppercase PASSED      [ 40%]
tests/test_main.py::test_validate_password_have_no_lowercase PASSED      [ 60%]
tests/test_main.py::test_validate_password_have_no_digit FAILED          [ 80%]
tests/test_main.py::test_validate_password_have_no_special_character FAILED [100%]

=========================== short test summary info ============================
FAILED tests/test_main.py::test_validate_password_have_no_digit - AssertionError: assert None is False
 +  where None = validate_pw('abcdefgA')
FAILED tests/test_main.py::test_validate_password_have_no_special_character - AssertionError: assert None is False
 +  where None = validate_pw('1234567Aa')
========================= 2 failed, 3 passed in 0.01s ==========================
[8mha:////4PNCCoG6vO2bYlHQYtDjxGT+VlmTU1PKm0YB0150ISr6AAAApB+LCAAAAAAAAP9tjTEOwjAQBC9BFLSUPMIR6RCiSmul4QUmPowT687YDknFi/gaf8AiEhVbrHa2mdcb1jHAiYMRPdJgKXZWeDeavMTEYbg6nkTPF9ExRXYoWpxa1tgs2HJCWFKUsJKwQeocR0smwVb26qEqp8hU5xTyd5RQWn2HJxQym5MK6QtzgN1t1JHp5/krgNn7BGVd59ofPoukFhO+AAAA[0m[Pipeline] }
[8mha:////4IaTNOhpjcvWPyIsZMki0eCkxUNmwevoIk3MLIcvubfZAAAApR+LCAAAAAAAAP9tjTEOwjAQBC9BFLSUPOIioEFCqWgtN7zAJMY4se6C7eBUvIiv8QcsIlGxxWpnm3m9YRk81OwNdpp6S6GxOLjR5IWJfX91nLDjCzZMgZ1GqZPkVp9mlBw1zClKWAhYaWocB0smwlp06qEqp8hU5+jzdxRQ2vYOTyhENkfl4xcmD5vb2Aamn+evAKZhiFDu9rm2hw+4R02vvgAAAA==[0m[Pipeline] // stage
[8mha:////4PDX2wKMYW4tMzJ/TSu8dq3s5oHEBRlE6OqupaHHzc9iAAAApx+LCAAAAAAAAP9tjTEOwjAUQ3+LOrAycohURWyIqWvUhROEJoSk0f8lSUknTsTVuAOBSkx4sGxL1nu+oAoejuQ1swoHg6E3bHSTzokl8sPFUWKWzqwnDOQU61TqSKp2qR1FBYuKElYc1gp7R8GgjrDhVtxF7QTq+hR93g4cSiNv8ICCZ3IUPn7L7GF7nWQg/HH+AmAeI5RNk223/zyrN+/1G3zCAAAA[0m[Pipeline] stage
[8mha:////4H+wm975PgXi3/G5yDex69Zzh6XZvTSBoJ3MzMhcAcJyAAAApx+LCAAAAAAAAP9tjTEOwjAUQ3+LOrAycohUQjAhpq5RFk4QmhDSRv+Xn5R24kRcjTvQUokJD5ZtyXqvNxSR4UTsRGOx9RhrL7rQuymJgbi9BhpEQxdRE0YKVig7KDK2WqqiZGFRlsNKwtpiHSh6dAk2stEPXQaNrjwnnrajhNybOzwhkxM5aU7fMjJsb72JhD/OXwCMXYJ8t5/tMD+LD/hYjrHCAAAA[0m[Pipeline] { (Build)
Stage "Build" skipped due to earlier failure(s)
[8mha:////4HEhKvcJY2ra904+9wCXjO935tRBa9nx63RIfGy9PY8VAAAApR+LCAAAAAAAAP9tjTEOwjAQBC9BFLSUPOIiIUGDqNJabniBiY1xYt0Z2yGpeBFf4w8EIlGxxWpnm3m+YJkiHDlabA11jlLjMPjeTgsHjt3F84Atn7FhSuwNSjNI1qaeUXI2MKcoYSFgZajxnBzZDGvRqruqvCJbnXKcvoOA0ukbPKAQkzmrmL8wRthce52Yfp6/AhhDhnK7+9Q+vAEIWoEpvgAAAA==[0m[Pipeline] getContext
[8mha:////4FaOqPAop1n/EvzsYR8p+ZItSgsBsas/sYg714dotNimAAAApR+LCAAAAAAAAP9tjTEOwjAQBC9BFLSUPOIiISEKRJXWcsMLTGyME+vO2A5JxYv4Gn8gEImKLVY728zzBcsU4cjRYmuoc5Qah8H3dlo4cOwungds+YwNU2JvUJpBsjb1jJKzgTlFCQsBK0ON5+TIZliLVt1V5RXZ6pTj9B0ElE7f4AGFmMxZxfyFMcLm2uvE9PP8FcAYQoZyu//U7g3QKkBhvgAAAA==[0m[Pipeline] }
[8mha:////4IjaZ5FtWt+fJyjhWBXDkyX5DkeZDSzJYSX0WEhJjN59AAAApR+LCAAAAAAAAP9tjTEOwjAQBC9BFLSUPOIiIQokRJXWcsMLTGyME+vO2A5JxYv4Gn8gEImKLVY728zzBcsU4cjRYmuoc5Qah8H3dlo4cOwungds+YwNU2JvUJpBsjb1jJKzgTlFCQsBK0ON5+TIZliLVt1V5RXZ6pTj9B0ElE7f4AGFmMxZxfyFMcLm2uvE9PP8FcAYQoZyu//U7g2TqBHnvgAAAA==[0m[Pipeline] // stage
[8mha:////4MU/9InjiH1zvNjdjxwYg1uU/R7La8o7dNjZ0JyWep6nAAAApx+LCAAAAAAAAP9tjTEOwjAUQ3+LOrAycohUZUOIqWvUhROEJoSk0f8lSUknTsTVuAOBSkx4sGxL1nu+oAoejuQ1swoHg6E3bHSTzokl8sPFUWKWzqwnDOQU61TqSKp2qR1FBYuKElYc1gp7R8GgjrDhVtxF7QTq+hR93g4cSiNv8ICCZ3IUPn7L7GF7nWQg/HH+AmAeI5RNk223/zyrNzHmhcDCAAAA[0m[Pipeline] stage
[8mha:////4I7cE1GBvB/SxtJWoyJuP5EOIfWcolpZXouYe2vIcG9/AAAAqB+LCAAAAAAAAP9tjTEOwjAUQ3+LOrAycogUwYRQJ9aoCycITQhJo/9LkpJOnIircQcClZjwYNmWrPd8QRU8NOQ1swp7g6EzbHCjzokl8v3FUWKWzqwjDOQUa1VqSarjXFuKCmYVJSw4LBV2joJBHWHFrbiL2gnU9Sn6vB04lEbe4AEFz+QofPyWycP6OspA+OP8BcA0RCi3+2y7zedZvQH4j6CMwgAAAA==[0m[Pipeline] { (Archive Artifacts)
Stage "Archive Artifacts" skipped due to earlier failure(s)
[8mha:////4NOZKce4a7LH9bHJuCAcSSbuF6DPgKW5Rt3WXoSkaMurAAAAox+LCAAAAAAAAP9tjTEOwjAQBC9BFLSUPOICokRUaS03vMDExjix7oztkFS8iK/xBwKRqNhitbPNPF+wTBGOHC22hjpHqXEYfG+nhQPH7uJ5wJbP2DAl9galGSRrU88oORuYU5SwELAy1HhOjmyGtWjVXVVeka1OOU7fQUDp9A0eUIjJnFXMXxgjbK69Tkw/z18BjCFDud9+ahfewYmQ+b4AAAA=[0m[Pipeline] getContext
[8mha:////4Ejs13rv/q5sdQdN8YTdZpZZnLB+U6X+MiBIPtmrjYWrAAAAox+LCAAAAAAAAP9tjTEOwjAQBC9BFLSUPOKCoERUaS03vMDExjix7oztkFS8iK/xBwKRqNhitbPNPF+wTBGOHC22hjpHqXEYfG+nhQPH7uJ5wJbP2DAl9galGSRrU88oORuYU5SwELAy1HhOjmyGtWjVXVVeka1OOU7fQUDp9A0eUIjJnFXMXxgjbK69Tkw/z18BjCFkKPe7T23fGXWL/r4AAAA=[0m[Pipeline] }
[8mha:////4GlyBfP6bLGgaL+iRYB2H3GDP52/fosLM3mD7AW6my15AAAApR+LCAAAAAAAAP9tjTEOwjAQBC9BFLSUPMKRSIUQVVorDS8w8WGcWHfGdkgqXsTX+AMWkajYYrWzzbzesI4BThyM6JEGS7GzwrvR5CUmDsPV8SR6voiOKbJD0eLUssZmwZYTwpKihJWEDVLnOFoyCbayVw9VOUWmOqeQv6OE0uo7PKGQ2ZxUSF+YA+xuo45MP89fAczeJyjrOtf+8AFZLxBVvgAAAA==[0m[Pipeline] // stage
[8mha:////4LR39Lm4qeavbA01LwWV5TlHNJjd+jZ5E1R3vy/WEVtwAAAApB+LCAAAAAAAAP9tjTEOwjAQBC9BFLSUPOKiCDpEldZKwwtMbIwT687YDknFi/gaf8AiEhVbrHa2mdcb1jHAiYPBXtNgKXYWvRtNXjhxGK6OJ+z5gh1TZKex1VPLSjcLtpw0LClKWAnYaOocR0smwVb08iErJ8lU5xTydxRQWnWHJxQim5MM6QtzgN1tVJHp5/krgNn7BOX+kKuuPxDE422+AAAA[0m[Pipeline] }
[8mha:////4GqIlvzoad5FMtD3LArRv8ewWnR9PjddxVlLOdAN0YOrAAAApR+LCAAAAAAAAP9tjTEOwjAQBC9BFLSUPOICQlQoFa3lhheYxBgn1l2wHZyKF/E1/oBFJCq2WO1sM683LIOHmr3BTlNvKTQWBzeavDCx76+OE3Z8wYYpsNModZLc6tOMkqOGOUUJCwErTY3jYMlEWItOPVTlFJnqHH3+jgJK297hCYXI5qh8/MLkYXMb28D08/wVwDQMEcr9Iddu+wEjJ7jRvgAAAA==[0m[Pipeline] // withEnv
[8mha:////4GExYexZmu2/CYR50TsXRRp2wa6pwEdLNcZK6tnxS0gIAAAAox+LCAAAAAAAAP9tjTEOwjAQBDdBFLSUPMIpQDSIitZKwwtMYowT6y7YF5KKF/E1/kBEJCq22plmXm8sU8SRo1ONpdZTqrzqQu+mpwaO7TXwoBq+qIopcbCqtEPJtT3NWLJYzMtyLDRWlqrAyZMTrHVjHqYIhlxxlji5g0bu6zueyPRUFhPlC2PE5tbXienX+RvA2HWCfLsXZLsPLn/NEL0AAAA=[0m[Pipeline] }
[8mha:////4FTx9lAxib8Tbr4fj1Hnd7LdZUH2oSshUCwZaQONvP9uAAAAox+LCAAAAAAAAP9tjTESgjAQRT84FraWHiIUFBaOlW2GxhNEiDGQ2cVkESpP5NW8g4zMWPmr/17zXm+sU8SRo1Otpc5Tqr3qw+Dmp0aO3TXwqFq+qJopcbCqsmPFjT0tWLFYLMtyrDQ2lurAyZMTbHVrHqYIhlxxlji7g0bumzueyPRcFhPlC1PE7jY0ienX+RvA1PeCvNwLsvIDPcPJs70AAAA=[0m[Pipeline] // node
[8mha:////4OwfZY+gNjhDhpGc+cIehPdlYTZHOQ+koiT1wL6vZhbNAAAApB+LCAAAAAAAAP9tjTEOwjAQBDdBFLSUPMKRoEFCVLRWGl5gEmOcWHfBvpBUvIiv8QciIlGx1c4083pjmSKOHJ1qLLWeUuVVF3o3PTVwbK+BB9XwRVVMiYNVpR1Kru1pxpLFYl6WY6GxslQFTp6cYK0b8zBFMOSKs8TJHTRyX9/xRKanspgoXxgjNre+Tky/zt8Axq4T5Lu9INt+AHpknka9AAAA[0m[Pipeline] End of Pipeline
ERROR: script returned exit code 1
Finished: FAILURE
